<?xml version="1.0" encoding="utf-8"?><testsuites name="pytest tests"><testsuite name="pytest" errors="0" failures="0" skipped="0" tests="5" time="20.855" timestamp="2026-08-08T21:42:52.476066+00:00" hostname="agent-env-2bb79607-1cd4-40e2-ac7f-96acc4165345"><testcase classname="tests.test_accesslens_api" name="test_health" time="0.316" /><testcase classname="tests.test_accesslens_api" name="test_warmup" time="0.292" /><testcase classname="tests.test_accesslens_api" name="test_analyze_wrong_field_name_returns_422" time="0.209" /><testcase classname="tests.test_accesslens_api" name="test_analyze_text_file_returns_400" time="0.106" /><testcase classname="tests.test_accesslens_api" name="test_analyze_success_external" time="19.356" /></testsuite></testsuites>